TN:
SF:src\router.tsx
FN:5,(anonymous_0)
FNF:1
FNH:0
FNDA:0,(anonymous_0)
DA:5,0
DA:6,0
DA:8,0
DA:15,0
LF:4
LH:0
BRF:0
BRH:0
end_of_record
TN:
SF:src\server.ts
FN:12,getServerEntry
FN:16,(anonymous_1)
FN:23,normalizeCatastrophicSsrResponse
FN:38,isH3SwallowedErrorBody
FN:48,fetch
FNF:5
FNH:0
FNDA:0,getServerEntry
FNDA:0,(anonymous_1)
FNDA:0,normalizeCatastrophicSsrResponse
FNDA:0,isH3SwallowedErrorBody
FNDA:0,fetch
DA:13,0
DA:14,0
DA:16,0
DA:18,0
DA:24,0
DA:25,0
DA:26,0
DA:28,0
DA:29,0
DA:31,0
DA:32,0
DA:39,0
DA:40,0
DA:41,0
DA:43,0
DA:49,0
DA:50,0
DA:51,0
DA:52,0
DA:54,0
DA:55,0
LF:21
LH:0
BRDA:13,0,0,0
BRDA:13,0,1,0
BRDA:16,1,0,0
BRDA:16,1,1,0
BRDA:24,2,0,0
BRDA:24,2,1,0
BRDA:25,3,0,0
BRDA:25,3,1,0
BRDA:26,4,0,0
BRDA:26,4,1,0
BRDA:29,5,0,0
BRDA:29,5,1,0
BRDA:31,6,0,0
BRDA:31,6,1,0
BRDA:41,7,0,0
BRDA:41,7,1,0
BRF:16
BRH:0
end_of_record
TN:
SF:src\start.ts
FN:5,(anonymous_0)
FN:24,(anonymous_1)
FN:27,(anonymous_2)
FNF:3
FNH:0
FNDA:0,(anonymous_0)
FNDA:0,(anonymous_1)
FNDA:0,(anonymous_2)
DA:5,0
DA:6,0
DA:7,0
DA:9,0
DA:10,0
DA:12,0
DA:13,0
DA:23,0
DA:24,0
DA:27,0
LF:10
LH:0
BRDA:9,0,0,0
BRDA:9,0,1,0
BRDA:9,1,0,0
BRDA:9,1,1,0
BRDA:9,1,2,0
BRF:5
BRH:0
end_of_record
TN:
SF:src\components\AuthShell.tsx
FN:6,AuthShell
FNF:1
FNH:0
FNDA:0,AuthShell
DA:17,0
LF:1
LH:0
BRDA:32,0,0,0
BRDA:32,0,1,0
BRF:2
BRH:0
end_of_record
TN:
SF:src\components\PageHeader.tsx
FN:4,PageHeader
FN:31,SectionHeading
FN:54,Section
FNF:3
FNH:0
FNDA:0,PageHeader
FNDA:0,SectionHeading
FNDA:0,Section
DA:15,0
DA:40,0
DA:55,0
LF:3
LH:0
BRDA:19,0,0,0
BRDA:19,0,1,0
BRDA:23,1,0,0
BRDA:23,1,1,0
BRDA:24,2,0,0
BRDA:24,2,1,0
BRDA:43,3,0,0
BRDA:43,3,1,0
BRDA:54,4,0,0
BRF:9
BRH:0
end_of_record
TN:
SF:src\components\ui\aspect-ratio.tsx
FNF:0
FNH:0
DA:3,0
LF:1
LH:0
BRF:0
BRH:0
end_of_record
TN:
SF:src\components\ui\collapsible.tsx
FNF:0
FNH:0
DA:1,0
DA:5,0
DA:7,0
DA:9,0
LF:4
LH:0
BRF:0
BRH:0
end_of_record
TN:
SF:src\components\ui\sonner.tsx
FN:5,(anonymous_0)
FNF:1
FNH:0
FNDA:0,(anonymous_0)
DA:5,0
DA:6,0
LF:2
LH:0
BRF:0
BRH:0
end_of_record
TN:
SF:src\hooks\use-mobile.tsx
FN:5,useIsMobile
FN:8,(anonymous_1)
FN:10,(anonymous_2)
FN:15,(anonymous_3)
FNF:4
FNH:0
FNDA:0,useIsMobile
FNDA:0,(anonymous_1)
FNDA:0,(anonymous_2)
FNDA:0,(anonymous_3)
DA:3,0
DA:6,0
DA:8,0
DA:9,0
DA:10,0
DA:11,0
DA:13,0
DA:14,0
DA:15,0
DA:18,0
LF:10
LH:0
BRF:0
BRH:0
end_of_record
TN:
SF:src\lib\api.ts
FN:5,getToken
FN:9,fetchJson
FN:30,makeSlug
FNF:3
FNH:0
FNDA:0,getToken
FNDA:0,fetchJson
FNDA:0,makeSlug
DA:3,0
DA:6,0
DA:10,0
DA:15,0
DA:16,0
DA:17,0
DA:20,0
DA:25,0
DA:26,0
DA:27,0
DA:31,0
LF:11
LH:0
BRDA:3,0,0,0
BRDA:3,0,1,0
BRDA:9,1,0,0
BRDA:12,2,0,0
BRDA:12,2,1,0
BRDA:16,3,0,0
BRDA:16,3,1,0
BRDA:25,4,0,0
BRDA:25,4,1,0
BRDA:26,5,0,0
BRDA:26,5,1,0
BRF:11
BRH:0
end_of_record
TN:
SF:src\lib\blog.ts
FN:53,(anonymous_0)
FN:53,(anonymous_1)
FNF:2
FNH:0
FNDA:0,(anonymous_0)
FNDA:0,(anonymous_1)
DA:11,0
DA:53,0
LF:2
LH:0
BRF:0
BRH:0
end_of_record
TN:
SF:src\lib\data.ts
FN:69,p
FN:369,(anonymous_1)
FN:369,(anonymous_2)
FN:370,(anonymous_3)
FN:370,(anonymous_4)
FN:371,(anonymous_5)
FN:371,(anonymous_6)
FN:372,(anonymous_7)
FNF:8
FNH:0
FNDA:0,p
FNDA:0,(anonymous_1)
FNDA:0,(anonymous_2)
FNDA:0,(anonymous_3)
FNDA:0,(anonymous_4)
FNDA:0,(anonymous_5)
FNDA:0,(anonymous_6)
FNDA:0,(anonymous_7)
DA:39,0
DA:81,0
DA:100,0
DA:319,0
DA:325,0
DA:346,0
DA:369,0
DA:370,0
DA:371,0
DA:372,0
DA:373,0
LF:11
LH:0
BRF:0
BRH:0
end_of_record
TN:
SF:src\lib\error-capture.ts
FN:7,record
FN:18,describeError
FN:34,describeStatus
FN:40,safeStringify
FN:48,isErrorLike
FN:56,(anonymous_5)
FN:57,(anonymous_6)
FN:66,(anonymous_7)
FN:67,(anonymous_8)
FN:72,consumeLastCapturedError
FNF:10
FNH:0
FNDA:0,record
FNDA:0,describeError
FNDA:0,describeStatus
FNDA:0,safeStringify
FNDA:0,isErrorLike
FNDA:0,(anonymous_5)
FNDA:0,(anonymous_6)
FNDA:0,(anonymous_7)
FNDA:0,(anonymous_8)
FNDA:0,consumeLastCapturedError
DA:5,0
DA:8,0
DA:15,0
DA:16,0
DA:19,0
DA:20,0
DA:21,0
DA:22,0
DA:23,0
DA:24,0
DA:26,0
DA:27,0
DA:28,0
DA:29,0
DA:31,0
DA:35,0
DA:36,0
DA:37,0
DA:41,0
DA:42,0
DA:44,0
DA:49,0
DA:55,0
DA:56,0
DA:57,0
DA:58,0
DA:59,0
DA:60,0
DA:62,0
DA:65,0
DA:66,0
DA:67,0
DA:68,0
DA:73,0
DA:74,0
DA:75,0
DA:76,0
DA:78,0
DA:79,0
DA:80,0
LF:40
LH:0
BRDA:21,0,0,0
BRDA:21,0,1,0
BRDA:22,1,0,0
BRDA:22,1,1,0
BRDA:23,2,0,0
BRDA:23,2,1,0
BRDA:26,3,0,0
BRDA:26,3,1,0
BRDA:28,4,0,0
BRDA:28,4,1,0
BRDA:36,5,0,0
BRDA:36,5,1,0
BRDA:37,6,0,0
BRDA:37,6,1,0
BRDA:42,7,0,0
BRDA:42,7,1,0
BRDA:58,8,0,0
BRDA:58,8,1,0
BRDA:65,9,0,0
BRDA:65,9,1,0
BRDA:66,10,0,0
BRDA:66,10,1,0
BRDA:73,11,0,0
BRDA:73,11,1,0
BRDA:74,12,0,0
BRDA:74,12,1,0
BRF:26
BRH:0
end_of_record
TN:
SF:src\lib\error-page.ts
FN:1,renderErrorPage
FNF:1
FNH:0
FNDA:0,renderErrorPage
DA:2,0
LF:1
LH:0
BRF:0
BRH:0
end_of_record
TN:
SF:src\lib\firebase.ts
FN:50,(anonymous_0)
FN:55,getFirebaseAuth
FN:59,googleProvider
FN:69,facebookProvider
FNF:4
FNH:0
FNDA:0,(anonymous_0)
FNDA:0,getFirebaseAuth
FNDA:0,googleProvider
FNDA:0,facebookProvider
DA:16,0
DA:30,0
DA:37,0
DA:39,0
DA:41,0
DA:43,0
DA:44,0
DA:46,0
DA:48,0
DA:50,0
DA:51,0
DA:56,0
DA:60,0
DA:62,0
DA:66,0
DA:70,0
DA:72,0
DA:76,0
LF:18
LH:0
BRDA:31,0,0,0
BRDA:31,0,1,0
BRDA:31,0,2,0
BRDA:31,0,3,0
BRDA:43,1,0,0
BRDA:43,1,1,0
BRDA:44,2,0,0
BRDA:44,2,1,0
BRF:8
BRH:0
end_of_record
TN:
SF:src\lib\lovable-error-reporting.ts
FN:26,reportLovableError
FNF:1
FNH:0
FNDA:0,reportLovableError
DA:27,0
DA:28,0
DA:47,0
DA:52,0
LF:4
LH:0
BRDA:26,0,0,0
BRDA:27,1,0,0
BRDA:27,1,1,0
BRDA:47,2,0,0
BRDA:47,2,1,0
BRDA:48,3,0,0
BRDA:48,3,1,0
BRDA:49,4,0,0
BRDA:49,4,1,0
BRDA:54,5,0,0
BRDA:54,5,1,0
BRF:11
BRH:0
end_of_record
TN:
SF:src\lib\utils.ts
FN:4,cn
FNF:1
FNH:1
FNDA:2,cn
DA:5,2
LF:1
LH:1
BRF:0
BRH:0
end_of_record
